# JRE version: 7.0_09-b30
# Java VM: OpenJDK Client VM (23.2-b09 mixed mode, sharing linux-x86 )
Heap
 def new generation   total 37504K, used 21934K [0x7a980000, 0x7d230000, 0x81420000)
  eden space 33344K,  63% used [0x7a980000, 0x7be2e5e0, 0x7ca10000)
  from space 4160K,  18% used [0x7ce20000, 0x7cedd4f8, 0x7d230000)
  to   space 4160K,   0% used [0x7ca10000, 0x7ca10000, 0x7ce20000)
 tenured generation   total 83296K, used 55991K [0x81420000, 0x86578000, 0x8e980000)
   the space 83296K,  67% used [0x81420000, 0x84acdf20, 0x84ace000, 0x86578000)
 compacting perm gen  total 24064K, used 23884K [0x8e980000, 0x90100000, 0x92980000)
   the space 24064K,  99% used [0x8e980000, 0x900d3038, 0x900d3200, 0x90100000)
    ro space 10240K,  60% used [0x92980000, 0x92f90428, 0x92f90600, 0x93380000)
    rw space 12288K,  61% used [0x93380000, 0x93ae5ec0, 0x93ae6000, 0x93f80000)
GC Heap History (10 events):
Event: 11239,900 GC heap before
{Heap before GC invocations=118 (full 4):
 def new generation   total 37504K, used 33976K [0x7a980000, 0x7d230000, 0x81420000)
  eden space 33344K, 100% used [0x7a980000, 0x7ca10000, 0x7ca10000)
  from space 4160K,  15% used [0x7ca10000, 0x7caae068, 0x7ce20000)
  to   space 4160K,   0% used [0x7ce20000, 0x7ce20000, 0x7d230000)
 tenured generation   total 83296K, used 55861K [0x81420000, 0x86578000, 0x8e980000)
   the space 83296K,  67% used [0x81420000, 0x84aad4d0, 0x84aad600, 0x86578000)
 compacting perm gen  total 24064K, used 23881K [0x8e980000, 0x90100000, 0x92980000)
   the space 24064K,  99% used [0x8e980000, 0x900d24a8, 0x900d2600, 0x90100000)
    ro space 10240K,  60% used [0x92980000, 0x92f90428, 0x92f90600, 0x93380000)
    rw space 12288K,  61% used [0x93380000, 0x93ae5ec0, 0x93ae6000, 0x93f80000)
Event: 11239,947 GC heap after
Heap after GC invocations=119 (full 4):
 def new generation   total 37504K, used 730K [0x7a980000, 0x7d230000, 0x81420000)
  eden space 33344K,   0% used [0x7a980000, 0x7a980000, 0x7ca10000)
  from space 4160K,  17% used [0x7ce20000, 0x7ced6990, 0x7d230000)
  to   space 4160K,   0% used [0x7ca10000, 0x7ca10000, 0x7ce20000)
 tenured generation   total 83296K, used 55904K [0x81420000, 0x86578000, 0x8e980000)
   the space 83296K,  67% used [0x81420000, 0x84ab8378, 0x84ab8400, 0x86578000)
 compacting perm gen  total 24064K, used 23881K [0x8e980000, 0x90100000, 0x92980000)
   the space 24064K,  99% used [0x8e980000, 0x900d24a8, 0x900d2600, 0x90100000)
    ro space 10240K,  60% used [0x92980000, 0x92f90428, 0x92f90600, 0x93380000)
    rw space 12288K,  61% used [0x93380000, 0x93ae5ec0, 0x93ae6000, 0x93f80000)
}
Event: 11276,015 GC heap before
{Heap before GC invocations=119 (full 4):
 def new generation   total 37504K, used 34074K [0x7a980000, 0x7d230000, 0x81420000)
  eden space 33344K, 100% used [0x7a980000, 0x7ca10000, 0x7ca10000)
  from space 4160K,  17% used [0x7ce20000, 0x7ced6990, 0x7d230000)
  to   space 4160K,   0% used [0x7ca10000, 0x7ca10000, 0x7ce20000)
 tenured generation   total 83296K, used 55904K [0x81420000, 0x86578000, 0x8e980000)
   the space 83296K,  67% used [0x81420000, 0x84ab8378, 0x84ab8400, 0x86578000)
 compacting perm gen  total 24064K, used 23881K [0x8e980000, 0x90100000, 0x92980000)
   the space 24064K,  99% used [0x8e980000, 0x900d24c8, 0x900d2600, 0x90100000)
    ro space 10240K,  60% used [0x92980000, 0x92f90428, 0x92f90600, 0x93380000)
    rw space 12288K,  61% used [0x93380000, 0x93ae5ec0, 0x93ae6000, 0x93f80000)
Event: 11276,049 GC heap after
Heap after GC invocations=120 (full 4):
 def new generation   total 37504K, used 741K [0x7a980000, 0x7d230000, 0x81420000)
  eden space 33344K,   0% used [0x7a980000, 0x7a980000, 0x7ca10000)
  from space 4160K,  17% used [0x7ca10000, 0x7cac94a8, 0x7ce20000)
  to   space 4160K,   0% used [0x7ce20000, 0x7ce20000, 0x7d230000)
 tenured generation   total 83296K, used 55907K [0x81420000, 0x86578000, 0x8e980000)
   the space 83296K,  67% used [0x81420000, 0x84ab8e38, 0x84ab9000, 0x86578000)
 compacting perm gen  total 24064K, used 23881K [0x8e980000, 0x90100000, 0x92980000)
   the space 24064K,  99% used [0x8e980000, 0x900d24c8, 0x900d2600, 0x90100000)
    ro space 10240K,  60% used [0x92980000, 0x92f90428, 0x92f90600, 0x93380000)
    rw space 12288K,  61% used [0x93380000, 0x93ae5ec0, 0x93ae6000, 0x93f80000)
}
Event: 11279,743 GC heap before
{Heap before GC invocations=120 (full 4):
 def new generation   total 37504K, used 34085K [0x7a980000, 0x7d230000, 0x81420000)
  eden space 33344K, 100% used [0x7a980000, 0x7ca10000, 0x7ca10000)
  from space 4160K,  17% used [0x7ca10000, 0x7cac94a8, 0x7ce20000)
  to   space 4160K,   0% used [0x7ce20000, 0x7ce20000, 0x7d230000)
 tenured generation   total 83296K, used 55907K [0x81420000, 0x86578000, 0x8e980000)
   the space 83296K,  67% used [0x81420000, 0x84ab8e38, 0x84ab9000, 0x86578000)
 compacting perm gen  total 24064K, used 23881K [0x8e980000, 0x90100000, 0x92980000)
   the space 24064K,  99% used [0x8e980000, 0x900d24c8, 0x900d2600, 0x90100000)
    ro space 10240K,  60% used [0x92980000, 0x92f90428, 0x92f90600, 0x93380000)
    rw space 12288K,  61% used [0x93380000, 0x93ae5ec0, 0x93ae6000, 0x93f80000)
Event: 11279,768 GC heap after
Heap after GC invocations=121 (full 4):
 def new generation   total 37504K, used 560K [0x7a980000, 0x7d230000, 0x81420000)
  eden space 33344K,   0% used [0x7a980000, 0x7a980000, 0x7ca10000)
  from space 4160K,  13% used [0x7ce20000, 0x7ceac220, 0x7d230000)
  to   space 4160K,   0% used [0x7ca10000, 0x7ca10000, 0x7ce20000)
 tenured generation   total 83296K, used 55959K [0x81420000, 0x86578000, 0x8e980000)
   the space 83296K,  67% used [0x81420000, 0x84ac5c20, 0x84ac5e00, 0x86578000)
 compacting perm gen  total 24064K, used 23881K [0x8e980000, 0x90100000, 0x92980000)
   the space 24064K,  99% used [0x8e980000, 0x900d24c8, 0x900d2600, 0x90100000)
    ro space 10240K,  60% used [0x92980000, 0x92f90428, 0x92f90600, 0x93380000)
    rw space 12288K,  61% used [0x93380000, 0x93ae5ec0, 0x93ae6000, 0x93f80000)
}
Event: 11302,596 GC heap before
{Heap before GC invocations=121 (full 4):
 def new generation   total 37504K, used 33904K [0x7a980000, 0x7d230000, 0x81420000)
  eden space 33344K, 100% used [0x7a980000, 0x7ca10000, 0x7ca10000)
  from space 4160K,  13% used [0x7ce20000, 0x7ceac220, 0x7d230000)
  to   space 4160K,   0% used [0x7ca10000, 0x7ca10000, 0x7ce20000)
 tenured generation   total 83296K, used 55959K [0x81420000, 0x86578000, 0x8e980000)
   the space 83296K,  67% used [0x81420000, 0x84ac5c20, 0x84ac5e00, 0x86578000)
 compacting perm gen  total 24064K, used 23881K [0x8e980000, 0x90100000, 0x92980000)
   the space 24064K,  99% used [0x8e980000, 0x900d24c8, 0x900d2600, 0x90100000)
    ro space 10240K,  60% used [0x92980000, 0x92f90428, 0x92f90600, 0x93380000)
    rw space 12288K,  61% used [0x93380000, 0x93ae5ec0, 0x93ae6000, 0x93f80000)
Event: 11302,616 GC heap after
Heap after GC invocations=122 (full 4):
 def new generation   total 37504K, used 690K [0x7a980000, 0x7d230000, 0x81420000)
  eden space 33344K,   0% used [0x7a980000, 0x7a980000, 0x7ca10000)
  from space 4160K,  16% used [0x7ca10000, 0x7cabc920, 0x7ce20000)
  to   space 4160K,   0% used [0x7ce20000, 0x7ce20000, 0x7d230000)
 tenured generation   total 83296K, used 55981K [0x81420000, 0x86578000, 0x8e980000)
   the space 83296K,  67% used [0x81420000, 0x84acb738, 0x84acb800, 0x86578000)
 compacting perm gen  total 24064K, used 23881K [0x8e980000, 0x90100000, 0x92980000)
   the space 24064K,  99% used [0x8e980000, 0x900d24c8, 0x900d2600, 0x90100000)
    ro space 10240K,  60% used [0x92980000, 0x92f90428, 0x92f90600, 0x93380000)
    rw space 12288K,  61% used [0x93380000, 0x93ae5ec0, 0x93ae6000, 0x93f80000)
}
Event: 11749,747 GC heap before
{Heap before GC invocations=122 (full 4):
 def new generation   total 37504K, used 34034K [0x7a980000, 0x7d230000, 0x81420000)
  eden space 33344K, 100% used [0x7a980000, 0x7ca10000, 0x7ca10000)
  from space 4160K,  16% used [0x7ca10000, 0x7cabc920, 0x7ce20000)
  to   space 4160K,   0% used [0x7ce20000, 0x7ce20000, 0x7d230000)
 tenured generation   total 83296K, used 55981K [0x81420000, 0x86578000, 0x8e980000)
   the space 83296K,  67% used [0x81420000, 0x84acb738, 0x84acb800, 0x86578000)
 compacting perm gen  total 24064K, used 23884K [0x8e980000, 0x90100000, 0x92980000)
   the space 24064K,  99% used [0x8e980000, 0x900d3038, 0x900d3200, 0x90100000)
    ro space 10240K,  60% used [0x92980000, 0x92f90428, 0x92f90600, 0x93380000)
    rw space 12288K,  61% used [0x93380000, 0x93ae5ec0, 0x93ae6000, 0x93f80000)
Event: 11749,897 GC heap after
Heap after GC invocations=123 (full 4):
 def new generation   total 37504K, used 757K [0x7a980000, 0x7d230000, 0x81420000)
  eden space 33344K,   0% used [0x7a980000, 0x7a980000, 0x7ca10000)
  from space 4160K,  18% used [0x7ce20000, 0x7cedd4f8, 0x7d230000)
  to   space 4160K,   0% used [0x7ca10000, 0x7ca10000, 0x7ce20000)
 tenured generation   total 83296K, used 55991K [0x81420000, 0x86578000, 0x8e980000)
   the space 83296K,  67% used [0x81420000, 0x84acdf20, 0x84ace000, 0x86578000)
 compacting perm gen  total 24064K, used 23884K [0x8e980000, 0x90100000, 0x92980000)
   the space 24064K,  99% used [0x8e980000, 0x900d3038, 0x900d3200, 0x90100000)
    ro space 10240K,  60% used [0x92980000, 0x92f90428, 0x92f90600, 0x93380000)
    rw space 12288K,  61% used [0x93380000, 0x93ae5ec0, 0x93ae6000, 0x93f80000)
}

