# JRE version: 7.0_13-b20
# Java VM: OpenJDK Client VM (23.7-b01 mixed mode, sharing linux-x86 )
Heap
 def new generation   total 36800K, used 28900K [0x7aa00000, 0x7d1e0000, 0x814a0000)
  eden space 32768K,  82% used [0x7aa00000, 0x7c460b18, 0x7ca00000)
  from space 4032K,  46% used [0x7cdf0000, 0x7cfc8858, 0x7d1e0000)
  to   space 4032K,   0% used [0x7ca00000, 0x7ca00000, 0x7cdf0000)
 tenured generation   total 81540K, used 54426K [0x814a0000, 0x86441000, 0x8ea00000)
   the space 81540K,  66% used [0x814a0000, 0x849c6880, 0x849c6a00, 0x86441000)
 compacting perm gen  total 24064K, used 23820K [0x8ea00000, 0x90180000, 0x92a00000)
   the space 24064K,  98% used [0x8ea00000, 0x90143128, 0x90143200, 0x90180000)
    ro space 10240K,  60% used [0x92a00000, 0x93011c68, 0x93011e00, 0x93400000)
    rw space 12288K,  61% used [0x93400000, 0x93b67ed8, 0x93b68000, 0x94000000)
GC Heap History (10 events):
Event: 2533,478 GC heap before
{Heap before GC invocations=69 (full 4):
 def new generation   total 36800K, used 34825K [0x7aa00000, 0x7d1e0000, 0x814a0000)
  eden space 32768K, 100% used [0x7aa00000, 0x7ca00000, 0x7ca00000)
  from space 4032K,  51% used [0x7ca00000, 0x7cc02558, 0x7cdf0000)
  to   space 4032K,   0% used [0x7cdf0000, 0x7cdf0000, 0x7d1e0000)
 tenured generation   total 81540K, used 53979K [0x814a0000, 0x86441000, 0x8ea00000)
   the space 81540K,  66% used [0x814a0000, 0x84956e40, 0x84957000, 0x86441000)
 compacting perm gen  total 23808K, used 23703K [0x8ea00000, 0x90140000, 0x92a00000)
   the space 23808K,  99% used [0x8ea00000, 0x90125cf8, 0x90125e00, 0x90140000)
    ro space 10240K,  60% used [0x92a00000, 0x93011c68, 0x93011e00, 0x93400000)
    rw space 12288K,  61% used [0x93400000, 0x93b67ed8, 0x93b68000, 0x94000000)
Event: 2533,517 GC heap after
Heap after GC invocations=70 (full 4):
 def new generation   total 36800K, used 1968K [0x7aa00000, 0x7d1e0000, 0x814a0000)
  eden space 32768K,   0% used [0x7aa00000, 0x7aa00000, 0x7ca00000)
  from space 4032K,  48% used [0x7cdf0000, 0x7cfdc010, 0x7d1e0000)
  to   space 4032K,   0% used [0x7ca00000, 0x7ca00000, 0x7cdf0000)
 tenured generation   total 81540K, used 54119K [0x814a0000, 0x86441000, 0x8ea00000)
   the space 81540K,  66% used [0x814a0000, 0x84979ec0, 0x8497a000, 0x86441000)
 compacting perm gen  total 23808K, used 23703K [0x8ea00000, 0x90140000, 0x92a00000)
   the space 23808K,  99% used [0x8ea00000, 0x90125cf8, 0x90125e00, 0x90140000)
    ro space 10240K,  60% used [0x92a00000, 0x93011c68, 0x93011e00, 0x93400000)
    rw space 12288K,  61% used [0x93400000, 0x93b67ed8, 0x93b68000, 0x94000000)
}
Event: 2584,306 GC heap before
{Heap before GC invocations=70 (full 4):
 def new generation   total 36800K, used 34736K [0x7aa00000, 0x7d1e0000, 0x814a0000)
  eden space 32768K, 100% used [0x7aa00000, 0x7ca00000, 0x7ca00000)
  from space 4032K,  48% used [0x7cdf0000, 0x7cfdc010, 0x7d1e0000)
  to   space 4032K,   0% used [0x7ca00000, 0x7ca00000, 0x7cdf0000)
 tenured generation   total 81540K, used 54119K [0x814a0000, 0x86441000, 0x8ea00000)
   the space 81540K,  66% used [0x814a0000, 0x84979ec0, 0x8497a000, 0x86441000)
 compacting perm gen  total 23808K, used 23720K [0x8ea00000, 0x90140000, 0x92a00000)
   the space 23808K,  99% used [0x8ea00000, 0x9012a370, 0x9012a400, 0x90140000)
    ro space 10240K,  60% used [0x92a00000, 0x93011c68, 0x93011e00, 0x93400000)
    rw space 12288K,  61% used [0x93400000, 0x93b67ed8, 0x93b68000, 0x94000000)
Event: 2584,331 GC heap after
Heap after GC invocations=71 (full 4):
 def new generation   total 36800K, used 1883K [0x7aa00000, 0x7d1e0000, 0x814a0000)
  eden space 32768K,   0% used [0x7aa00000, 0x7aa00000, 0x7ca00000)
  from space 4032K,  46% used [0x7ca00000, 0x7cbd6d70, 0x7cdf0000)
  to   space 4032K,   0% used [0x7cdf0000, 0x7cdf0000, 0x7d1e0000)
 tenured generation   total 81540K, used 54203K [0x814a0000, 0x86441000, 0x8ea00000)
   the space 81540K,  66% used [0x814a0000, 0x8498efc8, 0x8498f000, 0x86441000)
 compacting perm gen  total 23808K, used 23720K [0x8ea00000, 0x90140000, 0x92a00000)
   the space 23808K,  99% used [0x8ea00000, 0x9012a370, 0x9012a400, 0x90140000)
    ro space 10240K,  60% used [0x92a00000, 0x93011c68, 0x93011e00, 0x93400000)
    rw space 12288K,  61% used [0x93400000, 0x93b67ed8, 0x93b68000, 0x94000000)
}
Event: 2847,594 GC heap before
{Heap before GC invocations=71 (full 4):
 def new generation   total 36800K, used 34651K [0x7aa00000, 0x7d1e0000, 0x814a0000)
  eden space 32768K, 100% used [0x7aa00000, 0x7ca00000, 0x7ca00000)
  from space 4032K,  46% used [0x7ca00000, 0x7cbd6d70, 0x7cdf0000)
  to   space 4032K,   0% used [0x7cdf0000, 0x7cdf0000, 0x7d1e0000)
 tenured generation   total 81540K, used 54203K [0x814a0000, 0x86441000, 0x8ea00000)
   the space 81540K,  66% used [0x814a0000, 0x8498efc8, 0x8498f000, 0x86441000)
 compacting perm gen  total 23808K, used 23752K [0x8ea00000, 0x90140000, 0x92a00000)
   the space 23808K,  99% used [0x8ea00000, 0x90132200, 0x90132200, 0x90140000)
    ro space 10240K,  60% used [0x92a00000, 0x93011c68, 0x93011e00, 0x93400000)
    rw space 12288K,  61% used [0x93400000, 0x93b67ed8, 0x93b68000, 0x94000000)
Event: 2847,615 GC heap after
Heap after GC invocations=72 (full 4):
 def new generation   total 36800K, used 1856K [0x7aa00000, 0x7d1e0000, 0x814a0000)
  eden space 32768K,   0% used [0x7aa00000, 0x7aa00000, 0x7ca00000)
  from space 4032K,  46% used [0x7cdf0000, 0x7cfc03f8, 0x7d1e0000)
  to   space 4032K,   0% used [0x7ca00000, 0x7ca00000, 0x7cdf0000)
 tenured generation   total 81540K, used 54226K [0x814a0000, 0x86441000, 0x8ea00000)
   the space 81540K,  66% used [0x814a0000, 0x84994b50, 0x84994c00, 0x86441000)
 compacting perm gen  total 23808K, used 23752K [0x8ea00000, 0x90140000, 0x92a00000)
   the space 23808K,  99% used [0x8ea00000, 0x90132200, 0x90132200, 0x90140000)
    ro space 10240K,  60% used [0x92a00000, 0x93011c68, 0x93011e00, 0x93400000)
    rw space 12288K,  61% used [0x93400000, 0x93b67ed8, 0x93b68000, 0x94000000)
}
Event: 3490,321 GC heap before
{Heap before GC invocations=72 (full 4):
 def new generation   total 36800K, used 34624K [0x7aa00000, 0x7d1e0000, 0x814a0000)
  eden space 32768K, 100% used [0x7aa00000, 0x7ca00000, 0x7ca00000)
  from space 4032K,  46% used [0x7cdf0000, 0x7cfc03f8, 0x7d1e0000)
  to   space 4032K,   0% used [0x7ca00000, 0x7ca00000, 0x7cdf0000)
 tenured generation   total 81540K, used 54226K [0x814a0000, 0x86441000, 0x8ea00000)
   the space 81540K,  66% used [0x814a0000, 0x84994b50, 0x84994c00, 0x86441000)
 compacting perm gen  total 23808K, used 23777K [0x8ea00000, 0x90140000, 0x92a00000)
   the space 23808K,  99% used [0x8ea00000, 0x901384c8, 0x90138600, 0x90140000)
    ro space 10240K,  60% used [0x92a00000, 0x93011c68, 0x93011e00, 0x93400000)
    rw space 12288K,  61% used [0x93400000, 0x93b67ed8, 0x93b68000, 0x94000000)
Event: 3490,342 GC heap after
Heap after GC invocations=73 (full 4):
 def new generation   total 36800K, used 1831K [0x7aa00000, 0x7d1e0000, 0x814a0000)
  eden space 32768K,   0% used [0x7aa00000, 0x7aa00000, 0x7ca00000)
  from space 4032K,  45% used [0x7ca00000, 0x7cbc9fe0, 0x7cdf0000)
  to   space 4032K,   0% used [0x7cdf0000, 0x7cdf0000, 0x7d1e0000)
 tenured generation   total 81540K, used 54317K [0x814a0000, 0x86441000, 0x8ea00000)
   the space 81540K,  66% used [0x814a0000, 0x849ab6e0, 0x849ab800, 0x86441000)
 compacting perm gen  total 23808K, used 23777K [0x8ea00000, 0x90140000, 0x92a00000)
   the space 23808K,  99% used [0x8ea00000, 0x901384c8, 0x90138600, 0x90140000)
    ro space 10240K,  60% used [0x92a00000, 0x93011c68, 0x93011e00, 0x93400000)
    rw space 12288K,  61% used [0x93400000, 0x93b67ed8, 0x93b68000, 0x94000000)
}
Event: 4138,827 GC heap before
{Heap before GC invocations=73 (full 4):
 def new generation   total 36800K, used 34599K [0x7aa00000, 0x7d1e0000, 0x814a0000)
  eden space 32768K, 100% used [0x7aa00000, 0x7ca00000, 0x7ca00000)
  from space 4032K,  45% used [0x7ca00000, 0x7cbc9fe0, 0x7cdf0000)
  to   space 4032K,   0% used [0x7cdf0000, 0x7cdf0000, 0x7d1e0000)
 tenured generation   total 81540K, used 54317K [0x814a0000, 0x86441000, 0x8ea00000)
   the space 81540K,  66% used [0x814a0000, 0x849ab6e0, 0x849ab800, 0x86441000)
 compacting perm gen  total 23808K, used 23807K [0x8ea00000, 0x90140000, 0x92a00000)
   the space 23808K,  99% used [0x8ea00000, 0x9013fed8, 0x90140000, 0x90140000)
    ro space 10240K,  60% used [0x92a00000, 0x93011c68, 0x93011e00, 0x93400000)
    rw space 12288K,  61% used [0x93400000, 0x93b67ed8, 0x93b68000, 0x94000000)
Event: 4138,894 GC heap after
Heap after GC invocations=74 (full 4):
 def new generation   total 36800K, used 1890K [0x7aa00000, 0x7d1e0000, 0x814a0000)
  eden space 32768K,   0% used [0x7aa00000, 0x7aa00000, 0x7ca00000)
  from space 4032K,  46% used [0x7cdf0000, 0x7cfc8858, 0x7d1e0000)
  to   space 4032K,   0% used [0x7ca00000, 0x7ca00000, 0x7cdf0000)
 tenured generation   total 81540K, used 54426K [0x814a0000, 0x86441000, 0x8ea00000)
   the space 81540K,  66% used [0x814a0000, 0x849c6880, 0x849c6a00, 0x86441000)
 compacting perm gen  total 23808K, used 23807K [0x8ea00000, 0x90140000, 0x92a00000)
   the space 23808K,  99% used [0x8ea00000, 0x9013fed8, 0x90140000, 0x90140000)
    ro space 10240K,  60% used [0x92a00000, 0x93011c68, 0x93011e00, 0x93400000)
    rw space 12288K,  61% used [0x93400000, 0x93b67ed8, 0x93b68000, 0x94000000)
}

